[zytheme.com/demos/hebes/product-dark.html]
[zytheme.com/demos/hebes/assets/images/favicon/favicon.png]
[zytheme.com/demos/hebes/assets/css/external.css]
[zytheme.com/demos/hebes/assets/revolution/css/settings.css]
[zytheme.com/demos/hebes/assets/revolution/css/layers.css]
[zytheme.com/demos/hebes/assets/revolution/css/navigation.css]
[zytheme.com/demos/hebes/assets/css/style.css]
[zytheme.com/demos/hebes/assets/css/style-dark.css]
[backblue.gif]
[fade.gif]
[index.html]
[zytheme.com/demos/hebes/assets/css/themes/theme-red.css]
[zytheme.com/demos/hebes/index-2.html]
[zytheme.com/demos/hebes/assets/images/logo/logo-light-red.png]
[zytheme.com/demos/hebes/home-1.html]
[zytheme.com/demos/hebes/home-2.html]
[zytheme.com/demos/hebes/home-3.html]
[zytheme.com/demos/hebes/home-4.html]
[zytheme.com/demos/hebes/home-5.html]
[zytheme.com/demos/hebes/home-6.html]
[zytheme.com/demos/hebes/home-8.html]
[zytheme.com/demos/hebes/home-9.html]
[zytheme.com/demos/hebes/home-10.html]
[zytheme.com/demos/hebes/home-11.html]
[zytheme.com/demos/hebes/home-12.html]
[zytheme.com/demos/hebes/home-13.html]
[zytheme.com/demos/hebes/home-14.html]
[zytheme.com/demos/hebes/shop-layout-fullwidth.html]
[zytheme.com/demos/hebes/shop-layout-sidebar-left.html]
[zytheme.com/demos/hebes/shop-layout-sidebar-right-2.html]
[zytheme.com/demos/hebes/shop-4columns.html]
[zytheme.com/demos/hebes/shop-3columns.html]
[zytheme.com/demos/hebes/shop-product-grid.html]
[zytheme.com/demos/hebes/shop-product-hero-3columns.html]
[zytheme.com/demos/hebes/shop-product-hero-2columns.html]
[zytheme.com/demos/hebes/shop-product-list.html]
[zytheme.com/demos/hebes/shop-dark-sidebar.html]
[zytheme.com/demos/hebes/shop-dark-3columns.html]
[zytheme.com/demos/hebes/shop-dark-4columns.html]
[zytheme.com/demos/hebes/shop-dark-5columns.html]
[zytheme.com/demos/hebes/shop-hover-2.html]
[zytheme.com/demos/hebes/shop-hover-4columns.html]
[zytheme.com/demos/hebes/shop-hover-3columns.html]
[zytheme.com/demos/hebes/shop-hover-2columns.html]
[zytheme.com/demos/hebes/shop-hover-variation.html]
[zytheme.com/demos/hebes/product-boxed.html]
[zytheme.com/demos/hebes/product-carousel.html]
[zytheme.com/demos/hebes/product-fullwidth.html]
[zytheme.com/demos/hebes/product-hero.html]
[zytheme.com/demos/hebes/product-masonry.html]
[zytheme.com/demos/hebes/product-gallery.html]
[zytheme.com/demos/hebes/product-gallery-horizontal.html]
[zytheme.com/demos/hebes/product-gallery-slide.html]
[zytheme.com/demos/hebes/product-gallery-vertical.html]
[zytheme.com/demos/hebes/page-about-2.html]
[zytheme.com/demos/hebes/page-about-1.html]
[zytheme.com/demos/hebes/page-about-dark.html]
[zytheme.com/demos/hebes/page-contact-1.html]
[zytheme.com/demos/hebes/page-contact-dark.html]
[zytheme.com/demos/hebes/page-contact-2.html]
[zytheme.com/demos/hebes/page-404.html]
[zytheme.com/demos/hebes/page-404-dark.html]
[zytheme.com/demos/hebes/page-privacy.html]
[zytheme.com/demos/hebes/page-terms.html]
[zytheme.com/demos/hebes/page-template-fullwidth.html]
[zytheme.com/demos/hebes/page-template-right-sidebar.html]
[zytheme.com/demos/hebes/page-template-left-sidebar.html]
[zytheme.com/demos/hebes/assets/images/slider/layers/1.png]
[zytheme.com/demos/hebes/assets/images/slider/layers/37.png]
[zytheme.com/demos/hebes/assets/images/slider/layers/34.png]
[zytheme.com/demos/hebes/assets/images/slider/layers/35.png]
[zytheme.com/demos/hebes/assets/images/slider/layers/36.png]
[zytheme.com/demos/hebes/blog-grid.html]
[zytheme.com/demos/hebes/blog-grid-sidebar-right.html]
[zytheme.com/demos/hebes/blog-grid-sidebar-left.html]
[zytheme.com/demos/hebes/blog-masonry.html]
[zytheme.com/demos/hebes/blog-parallax.html]
[zytheme.com/demos/hebes/blog-single.html]
[zytheme.com/demos/hebes/blog-single-sidebar-right.html]
[zytheme.com/demos/hebes/header-1.html]
[zytheme.com/demos/hebes/header-2.html]
[zytheme.com/demos/hebes/header-3.html]
[zytheme.com/demos/hebes/header-4.html]
[zytheme.com/demos/hebes/header-5.html]
[zytheme.com/demos/hebes/header-6.html]
[zytheme.com/demos/hebes/blog-single-sidebar-left.html]
[zytheme.com/demos/hebes/header-7.html]
[zytheme.com/demos/hebes/footer-1.html]
[zytheme.com/demos/hebes/footer-2.html]
[zytheme.com/demos/hebes/footer-3.html]
[zytheme.com/demos/hebes/footer-4.html]
[zytheme.com/demos/hebes/footer-5.html]
[zytheme.com/demos/hebes/slider-1.html]
[zytheme.com/demos/hebes/slider-2.html]
[zytheme.com/demos/hebes/slider-3.html]
[zytheme.com/demos/hebes/slider-4.html]
[zytheme.com/demos/hebes/slider-5.html]
[zytheme.com/demos/hebes/slider-6.html]
[zytheme.com/demos/hebes/slider-7.html]
[zytheme.com/demos/hebes/slider-8.html]
[zytheme.com/demos/hebes/slider-9.html]
[zytheme.com/demos/hebes/slider-10.html]
[zytheme.com/demos/hebes/slider-11.html]
[zytheme.com/demos/hebes/slider-12.html]
[zytheme.com/demos/hebes/slider-13.html]
[zytheme.com/demos/hebes/page-cart.html]
[zytheme.com/demos/hebes/page-cart-dark.html]
[zytheme.com/demos/hebes/page-checkout.html]
[zytheme.com/demos/hebes/page-checkout-dark.html]
[zytheme.com/demos/hebes/page-login.html]
[zytheme.com/demos/hebes/page-login-dark.html]
[zytheme.com/demos/hebes/page-wishlist-dark.html]
[zytheme.com/demos/hebes/page-wishlist.html]
[zytheme.com/demos/hebes/page-soon.html]
[zytheme.com/demos/hebes/page-popup.html]
[zytheme.com/demos/hebes/assets/images/products/thumb/1.jpg]
[zytheme.com/demos/hebes/assets/images/products/thumb/2.jpg]
[zytheme.com/demos/hebes/assets/images/products/gallery/26.png]
[zytheme.com/demos/hebes/assets/images/products/gallery/27.png]
[zytheme.com/demos/hebes/assets/images/products/gallery/thumb/21.png]
[zytheme.com/demos/hebes/assets/images/products/gallery/thumb/22.png]
[zytheme.com/demos/hebes/assets/images/products/gallery/thumb/23.png]
[zytheme.com/demos/hebes/assets/images/products/gallery/thumb/24.png]
[zytheme.com/demos/hebes/assets/images/products/product-features/6.jpg]
[zytheme.com/demos/hebes/assets/images/products/product-features/7.jpg]
[zytheme.com/demos/hebes/assets/images/products/product-features/8.jpg]
[zytheme.com/demos/hebes/assets/images/testimonials/authors/1.jpg]
[zytheme.com/demos/hebes/assets/images/testimonials/authors/2.jpg]
[zytheme.com/demos/hebes/assets/images/testimonials/authors/3.jpg]
[zytheme.com/demos/hebes/assets/images/products/related/10.jpg]
[zytheme.com/demos/hebes/assets/images/products/related/11.jpg]
[zytheme.com/demos/hebes/assets/images/products/related/12.jpg]
[zytheme.com/demos/hebes/assets/images/products/related/13.jpg]
[zytheme.com/demos/hebes/assets/images/products/related/14.jpg]
[zytheme.com/demos/hebes/assets/images/products/gallery/23.jpg]
[zytheme.com/demos/hebes/assets/images/products/gallery/24.jpg]
[zytheme.com/demos/hebes/assets/images/products/gallery/25.jpg]
[zytheme.com/demos/hebes/assets/images/products/gallery/thumb/17.png]
[zytheme.com/demos/hebes/assets/images/products/gallery/thumb/18.png]
[zytheme.com/demos/hebes/assets/images/products/gallery/thumb/19.png]
[zytheme.com/demos/hebes/assets/images/products/gallery/thumb/20.png]
[zytheme.com/demos/hebes/assets/images/products/gallery/thumb/25.png]
[zytheme.com/demos/hebes/assets/images/products/gallery/thumb/26.png]
[zytheme.com/cdn-cgi/scripts/5c5dd728/cloudflare-static/email-decode.min.js]
[zytheme.com/demos/hebes/assets/js/jquery-3.3.1.min.js]
[zytheme.com/demos/hebes/assets/js/plugins.js]
[zytheme.com/demos/hebes/product-dark.html]
[zytheme.com/demos/hebes/assets/js/functions.js]
[zytheme.com/demos/hebes/assets/fonts/fontawesome-webfont3e6e.eot]
[zytheme.com/demos/hebes/assets/fonts/fontawesome-webfontd41d.eot]
[zytheme.com/demos/hebes/assets/fonts/fontawesome-webfont3e6e.woff2]
[zytheme.com/demos/hebes/assets/fonts/fontawesome-webfont3e6e.woff]
[zytheme.com/demos/hebes/assets/fonts/fontawesome-webfont3e6e.ttf]
[zytheme.com/demos/hebes/assets/fonts/fontawesome-webfont3e6e.svg]
[zytheme.com/demos/hebes/assets/css/fonts/Stroke-Gap-Icons.eot]
[zytheme.com/demos/hebes/assets/css/external.css]
[zytheme.com/demos/hebes/assets/revolution/fonts/revicons/revicons90c6.eot]
[zytheme.com/demos/hebes/assets/revolution/fonts/revicons/revicons90c6.woff]
[zytheme.com/demos/hebes/assets/revolution/fonts/revicons/revicons90c6.ttf]
[zytheme.com/demos/hebes/assets/revolution/fonts/revicons/revicons90c6.svg]
[zytheme.com/demos/hebes/assets/revolution/css/openhand.cur]
[zytheme.com/demos/hebes/assets/revolution/css/closedhand.cur]
[zytheme.com/demos/hebes/assets/revolution/assets/gridtile.png]
[zytheme.com/demos/hebes/assets/revolution/assets/gridtile_white.png]
[zytheme.com/demos/hebes/assets/revolution/assets/gridtile_3x3.png]
[zytheme.com/demos/hebes/assets/revolution/assets/gridtile_3x3_white.png]
[zytheme.com/demos/hebes/assets/revolution/assets/coloredbg.png]
[zytheme.com/demos/hebes/assets/revolution/assets/loader.gif]
[zytheme.com/demos/hebes/assets/revolution/css/settings.css]
[zytheme.com/demos/hebes/assets/revolution/css/layers.css]
[zytheme.com/demos/hebes/assets/revolution/css/navigation.css]
[zytheme.com/demos/hebes/assets/css/polina.jpg]
[zytheme.com/demos/hebes/assets/images/collection/col5/clip-img.jpg]
[zytheme.com/demos/hebes/assets/css/style.css]
[zytheme.com/demos/hebes/assets/css/style-dark.css]
[zytheme.com/demos/hebes/assets/css/themes/theme-red.css]
[zytheme.com/demos/hebes/index-2.html]
[zytheme.com/demos/hebes/assets/images/logo/logo-dark.png]
[zytheme.com/demos/hebes/assets/images/slider/thumb/1.jpg]
[zytheme.com/demos/hebes/assets/images/slider/layers/transparent.png]
[zytheme.com/demos/hebes/assets/images/slider/layers/3.png]
[zytheme.com/demos/hebes/assets/images/slider/layers/2.png]
[zytheme.com/demos/hebes/assets/images/slider/thumb/2.jpg]
[zytheme.com/demos/hebes/assets/images/slider/layers/4.png]
[zytheme.com/demos/hebes/assets/images/slider/layers/5.png]
[zytheme.com/demos/hebes/assets/images/slider/thumb/3.jpg]
[zytheme.com/demos/hebes/assets/images/slider/layers/6.png]
[zytheme.com/demos/hebes/assets/images/slider/layers/7.png]
[zytheme.com/demos/hebes/assets/images/featured-collection/1.png]
[zytheme.com/demos/hebes/assets/images/featured-collection/2.png]
[zytheme.com/demos/hebes/assets/images/featured-collection/3.png]
[zytheme.com/demos/hebes/assets/images/products/grid/5col/1.jpg]
[zytheme.com/demos/hebes/assets/images/products/grid/5col/2.jpg]
[zytheme.com/demos/hebes/assets/images/products/grid/5col/3.jpg]
[zytheme.com/demos/hebes/assets/images/products/grid/5col/4.jpg]
[zytheme.com/demos/hebes/assets/images/products/grid/5col/11.jpg]
[zytheme.com/demos/hebes/assets/images/products/grid/5col/8.jpg]
[zytheme.com/demos/hebes/assets/images/products/grid/5col/6.jpg]
[zytheme.com/demos/hebes/assets/images/products/grid/5col/7.jpg]
[zytheme.com/demos/hebes/assets/images/products/grid/5col/9.jpg]
[zytheme.com/demos/hebes/assets/images/products/grid/5col/10.jpg]
[zytheme.com/demos/hebes/assets/images/products/grid/5col/12.jpg]
[zytheme.com/demos/hebes/assets/images/products/grid/5col/13.jpg]
[zytheme.com/demos/hebes/assets/images/products/grid/5col/14.jpg]
[zytheme.com/demos/hebes/assets/images/products/grid/5col/15.jpg]
[zytheme.com/demos/hebes/assets/images/banner-img/3.jpg]
[zytheme.com/demos/hebes/assets/images/clients/1.png]
[zytheme.com/demos/hebes/assets/images/clients/2.png]
[zytheme.com/demos/hebes/assets/images/clients/3.png]
[zytheme.com/demos/hebes/assets/images/clients/4.png]
[zytheme.com/demos/hebes/assets/images/clients/5.png]
[zytheme.com/demos/hebes/assets/images/clients/6.png]
[zytheme.com/demos/hebes/assets/revolution/js/jquery.themepunch.tools.min838f.js]
[zytheme.com/demos/hebes/assets/revolution/js/jquery.themepunch.revolution.min838f.js]
[zytheme.com/demos/hebes/assets/revolution/js/extensions/revolution.extension.video.min.js]
[zytheme.com/demos/hebes/assets/revolution/js/extensions/revolution.extension.slideanims.min.js]
[zytheme.com/demos/hebes/assets/revolution/js/extensions/revolution.extension.actions.min.js]
[zytheme.com/demos/hebes/assets/revolution/js/extensions/revolution.extension.layeranimation.min.js]
[zytheme.com/demos/hebes/assets/revolution/js/extensions/revolution.extension.kenburn.min.js]
[zytheme.com/demos/hebes/assets/revolution/js/extensions/revolution.extension.navigation.min.js]
[zytheme.com/demos/hebes/assets/revolution/js/extensions/revolution.extension.migration.min.js]
[zytheme.com/demos/hebes/assets/revolution/js/extensions/revolution.extension.parallax.min.js]
[zytheme.com/demos/hebes/home-1.html]
[zytheme.com/demos/hebes/assets/js/rsconfig.js]
[zytheme.com/demos/hebes/assets/images/logo/logo-dark-red.png]
[zytheme.com/demos/hebes/home-7.html]
[zytheme.com/demos/hebes/assets/images/slider/layers/8.png]
[zytheme.com/demos/hebes/assets/images/slider/layers/9.png]
[zytheme.com/demos/hebes/assets/images/slider/layers/10.png]
[zytheme.com/demos/hebes/assets/images/slider/layers/11.png]
[zytheme.com/demos/hebes/assets/images/collection/col1/1.png]
[zytheme.com/demos/hebes/assets/images/collection/col1/2.png]
[zytheme.com/demos/hebes/assets/images/collection/col1/3.png]
[zytheme.com/demos/hebes/assets/images/collection/col1/4.png]
[zytheme.com/demos/hebes/assets/images/collection/col1/5.png]
[zytheme.com/demos/hebes/assets/images/collection/col1/6.png]
[zytheme.com/demos/hebes/assets/images/instagram/1.jpg]
[zytheme.com/demos/hebes/assets/images/instagram/2.jpg]
[zytheme.com/demos/hebes/assets/images/instagram/3.jpg]
[zytheme.com/demos/hebes/assets/images/instagram/4.jpg]
[zytheme.com/demos/hebes/assets/images/instagram/5.jpg]
[zytheme.com/demos/hebes/home-2.html]
[zytheme.com/demos/hebes/assets/images/slider/thumb/4.png]
[zytheme.com/demos/hebes/assets/images/slider/layers/12.png]
[zytheme.com/demos/hebes/assets/images/slider/thumb/5.png]
[zytheme.com/demos/hebes/assets/images/slider/layers/13.png]
[zytheme.com/demos/hebes/assets/images/slider/thumb/6.png]
[zytheme.com/demos/hebes/assets/images/slider/layers/15.png]
[zytheme.com/demos/hebes/assets/images/slider/thumb/7.png]
[zytheme.com/demos/hebes/assets/images/slider/layers/14.png]
[zytheme.com/demos/hebes/assets/images/catalog/1.png]
[zytheme.com/demos/hebes/assets/images/catalog/2.png]
[zytheme.com/demos/hebes/assets/images/catalog/3.png]
[zytheme.com/demos/hebes/assets/images/catalog/4.png]
[zytheme.com/demos/hebes/assets/images/catalog/5.png]
[zytheme.com/demos/hebes/assets/images/catalog/6.png]
[zytheme.com/demos/hebes/assets/images/catalog/7.png]
[zytheme.com/demos/hebes/assets/images/catalog/8.png]
[zytheme.com/demos/hebes/assets/images/catalog/9.png]
[zytheme.com/demos/hebes/assets/images/catalog/11.png]
[zytheme.com/demos/hebes/assets/images/collection/col2/1.png]
[zytheme.com/demos/hebes/assets/images/collection/col2/3.png]
[zytheme.com/demos/hebes/assets/images/collection/col2/2.png]
[zytheme.com/demos/hebes/assets/images/collection/col2/4.png]
[zytheme.com/demos/hebes/assets/images/deals/1.png]
[zytheme.com/demos/hebes/assets/images/products/related/1.jpg]
[zytheme.com/demos/hebes/assets/images/products/related/2.jpg]
[zytheme.com/demos/hebes/assets/images/products/related/3.jpg]
[zytheme.com/demos/hebes/assets/images/products/related/4.jpg]
[zytheme.com/demos/hebes/assets/images/products/related/15.jpg]
[zytheme.com/demos/hebes/assets/images/products/related/8.jpg]
[zytheme.com/demos/hebes/assets/images/products/related/6.jpg]
[zytheme.com/demos/hebes/assets/images/products/related/7.jpg]
[zytheme.com/demos/hebes/assets/images/products/related/9.jpg]
[zytheme.com/demos/hebes/home-3.html]
[zytheme.com/demos/hebes/assets/images/slider/bg/1.jpg]
[zytheme.com/demos/hebes/assets/images/slider/bg/2.jpg]
[zytheme.com/demos/hebes/assets/images/slider/bg/3.jpg]
[zytheme.com/demos/hebes/assets/images/banner-img/4.jpg]
[zytheme.com/demos/hebes/home-4.html]
[zytheme.com/demos/hebes/assets/images/slider/thumb/9.png]
[zytheme.com/demos/hebes/assets/images/slider/layers/17.png]
[zytheme.com/demos/hebes/assets/images/slider/layers/16.png]
[zytheme.com/demos/hebes/assets/images/slider/thumb/10.png]
[zytheme.com/demos/hebes/assets/images/slider/thumb/11.png]
[zytheme.com/demos/hebes/assets/images/collection/col3/1.png]
[zytheme.com/demos/hebes/assets/images/collection/col3/2.png]
[zytheme.com/demos/hebes/assets/images/collection/col3/3.png]
[zytheme.com/demos/hebes/assets/images/collection/col3/4.png]
[zytheme.com/demos/hebes/assets/images/collection/col3/5.png]
[zytheme.com/demos/hebes/assets/images/collection/col3/6.png]
[zytheme.com/demos/hebes/assets/images/banner-img/5.jpg]
[zytheme.com/demos/hebes/home-5.html]
[zytheme.com/demos/hebes/assets/images/logo/logo-light2.png]
[zytheme.com/demos/hebes/assets/images/slider/thumb/12.png]
[zytheme.com/demos/hebes/assets/images/slider/bg/4.jpg]
[zytheme.com/demos/hebes/assets/images/slider/thumb/13.png]
[zytheme.com/demos/hebes/assets/images/slider/bg/5.jpg]
[zytheme.com/demos/hebes/assets/images/slider/thumb/14.png]
[zytheme.com/demos/hebes/assets/images/slider/bg/6.jpg]
[zytheme.com/demos/hebes/assets/images/slider/thumb/15.png]
[zytheme.com/demos/hebes/assets/images/slider/bg/7.jpg]
[zytheme.com/demos/hebes/assets/images/categories/list/1.jpg]
[zytheme.com/demos/hebes/assets/images/categories/list/2.jpg]
[zytheme.com/demos/hebes/assets/images/categories/list/3.jpg]
[zytheme.com/demos/hebes/assets/images/deals/2.png]
[zytheme.com/demos/hebes/assets/images/banner-img/6.jpg]
[zytheme.com/demos/hebes/home-6.html]
[zytheme.com/demos/hebes/assets/images/slider/thumb/18.png]
[zytheme.com/demos/hebes/assets/images/slider/bg/8.jpg]
[zytheme.com/demos/hebes/assets/images/slider/layers/22.png]
[zytheme.com/demos/hebes/assets/images/slider/thumb/19.png]
[zytheme.com/demos/hebes/assets/images/slider/layers/23.png]
[zytheme.com/demos/hebes/assets/images/slider/thumb/20.png]
[zytheme.com/demos/hebes/assets/images/slider/layers/24.png]
[zytheme.com/demos/hebes/assets/images/collection/col5/1.jpg]
[zytheme.com/demos/hebes/assets/images/collection/col5/2.jpg]
[zytheme.com/demos/hebes/assets/images/collection/col5/3.jpg]
[zytheme.com/demos/hebes/assets/images/collection/col5/4.jpg]
[zytheme.com/demos/hebes/assets/images/collection/col5/5.jpg]
[zytheme.com/demos/hebes/assets/images/collection/col5/6.jpg]
[zytheme.com/demos/hebes/assets/images/collection/col5/7.jpg]
[zytheme.com/demos/hebes/assets/images/collection/col5/8.jpg]
[zytheme.com/demos/hebes/assets/images/clients/7.png]
[zytheme.com/demos/hebes/assets/images/instagram/6.jpg]
[zytheme.com/demos/hebes/assets/images/instagram/7.jpg]
[zytheme.com/demos/hebes/assets/images/instagram/8.jpg]
[zytheme.com/demos/hebes/assets/images/instagram/9.jpg]
[zytheme.com/demos/hebes/assets/images/logo/logo-light.png]
[zytheme.com/demos/hebes/home-8.html]
[zytheme.com/demos/hebes/assets/images/collection/col6/1.jpg]
[zytheme.com/demos/hebes/assets/images/collection/col6/9.jpg]
[zytheme.com/demos/hebes/assets/images/collection/col6/2.jpg]
[zytheme.com/demos/hebes/assets/images/collection/col6/3.jpg]
[zytheme.com/demos/hebes/assets/images/collection/col6/4.jpg]
[zytheme.com/demos/hebes/assets/images/collection/col6/5.jpg]
[zytheme.com/demos/hebes/assets/images/collection/col6/6.jpg]
[zytheme.com/demos/hebes/assets/images/collection/col6/7.jpg]
[zytheme.com/demos/hebes/assets/images/collection/col6/8.jpg]
[zytheme.com/demos/hebes/assets/images/collection/col6/10.jpg]
[zytheme.com/demos/hebes/home-9.html]
[zytheme.com/demos/hebes/assets/images/products/carousel/1.jpg]
[zytheme.com/demos/hebes/assets/images/products/carousel/2.jpg]
[zytheme.com/demos/hebes/assets/images/products/carousel/3.jpg]
[zytheme.com/demos/hebes/assets/images/products/carousel/4.jpg]
[zytheme.com/demos/hebes/assets/images/products/related/5.jpg]
[zytheme.com/demos/hebes/assets/images/products/related/17.jpg]
[zytheme.com/demos/hebes/assets/images/background/6.jpg]
[zytheme.com/demos/hebes/home-10.html]
[zytheme.com/demos/hebes/assets/images/slider/bg/9.jpg]
[zytheme.com/demos/hebes/assets/images/slider/bg/10.jpg]
[zytheme.com/demos/hebes/assets/images/slider/bg/11.jpg]
[zytheme.com/demos/hebes/assets/images/collection/col4/1.png]
[zytheme.com/demos/hebes/assets/images/collection/col4/2.png]
[zytheme.com/demos/hebes/assets/images/collection/col4/3.png]
[zytheme.com/demos/hebes/assets/images/collection/col4/4.png]
[zytheme.com/demos/hebes/assets/images/collection/col4/5.png]
[zytheme.com/demos/hebes/assets/images/banner-img/8.jpg]
[zytheme.com/demos/hebes/assets/images/blog/grid/3col/1.jpg]
[zytheme.com/demos/hebes/assets/images/blog/grid/3col/2.jpg]
[zytheme.com/demos/hebes/assets/images/blog/grid/3col/3.jpg]
[zytheme.com/demos/hebes/home-11.html]
[zytheme.com/demos/hebes/assets/images/slider/bg/12.jpg]
[zytheme.com/demos/hebes/assets/images/slider/bg/13.jpg]
[zytheme.com/demos/hebes/assets/images/slider/bg/14.jpg]
[zytheme.com/demos/hebes/assets/images/deals/3.png]
[zytheme.com/demos/hebes/assets/images/banner-img/9.jpg]
[zytheme.com/demos/hebes/home-12.html]
[zytheme.com/demos/hebes/assets/images/slider/thumb/21.png]
[zytheme.com/demos/hebes/assets/images/slider/layers/25.png]
[zytheme.com/demos/hebes/assets/images/slider/layers/29.png]
[zytheme.com/demos/hebes/assets/images/slider/layers/26.png]
[zytheme.com/demos/hebes/assets/images/slider/layers/27.png]
[zytheme.com/demos/hebes/assets/images/slider/layers/28.png]
[zytheme.com/demos/hebes/assets/images/collection/col7/1.jpg]
[zytheme.com/demos/hebes/assets/images/collection/col7/2.jpg]
[zytheme.com/demos/hebes/assets/images/collection/col7/3.jpg]
[zytheme.com/demos/hebes/assets/images/collection/col7/4.jpg]
[zytheme.com/demos/hebes/assets/images/testimonials/authors/6.jpg]
[zytheme.com/demos/hebes/assets/images/testimonials/authors/5.jpg]
[zytheme.com/demos/hebes/assets/images/testimonials/authors/7.jpg]
[zytheme.com/demos/hebes/assets/images/banner-img/10.jpg]
[zytheme.com/demos/hebes/assets/images/banner-img/11.jpg]
[zytheme.com/demos/hebes/home-13.html]
[zytheme.com/demos/hebes/assets/images/slider/thumb/22.png]
[zytheme.com/demos/hebes/assets/images/slider/bg/15.jpg]
[zytheme.com/demos/hebes/assets/images/slider/thumb/23.png]
[zytheme.com/demos/hebes/assets/images/slider/bg/16.jpg]
[zytheme.com/demos/hebes/assets/images/slider/thumb/24.png]
[zytheme.com/demos/hebes/assets/images/slider/bg/17.jpg]
[zytheme.com/demos/hebes/assets/images/slider/thumb/25.png]
[zytheme.com/demos/hebes/assets/images/slider/bg/18.jpg]
[zytheme.com/demos/hebes/assets/images/slider/thumb/26.png]
[zytheme.com/demos/hebes/assets/images/slider/bg/19.jpg]
[zytheme.com/demos/hebes/home-14.html]
[zytheme.com/demos/hebes/assets/images/page-title/1.jpg]
[zytheme.com/demos/hebes/assets/images/categories/cat1/1.jpg]
[zytheme.com/demos/hebes/assets/images/categories/cat1/2.jpg]
[zytheme.com/demos/hebes/assets/images/categories/cat1/3.jpg]
[zytheme.com/demos/hebes/assets/images/categories/cat1/4.jpg]
[zytheme.com/demos/hebes/assets/images/categories/cat1/5.jpg]
[zytheme.com/demos/hebes/assets/images/categories/cat1/6.jpg]
[zytheme.com/demos/hebes/assets/images/categories/cat1/7.jpg]
[zytheme.com/demos/hebes/assets/images/categories/cat1/8.jpg]
[zytheme.com/demos/hebes/assets/images/categories/cat1/9.jpg]
[zytheme.com/demos/hebes/assets/images/categories/cat1/10.jpg]
[zytheme.com/demos/hebes/assets/images/categories/cat1/11.jpg]
[zytheme.com/demos/hebes/assets/images/categories/cat1/12.jpg]
[zytheme.com/demos/hebes/assets/images/categories/cat1/13.jpg]
[zytheme.com/demos/hebes/assets/images/categories/cat1/14.jpg]
[zytheme.com/demos/hebes/assets/images/categories/cat1/15.jpg]
[zytheme.com/demos/hebes/shop-layout-fullwidth.html]
[zytheme.com/demos/hebes/assets/images/categories/cat2/1.jpg]
[zytheme.com/demos/hebes/assets/images/categories/cat2/9.jpg]
[zytheme.com/demos/hebes/assets/images/categories/cat2/6.jpg]
[zytheme.com/demos/hebes/assets/images/categories/cat2/2.jpg]
[zytheme.com/demos/hebes/assets/images/categories/cat2/3.jpg]
[zytheme.com/demos/hebes/assets/images/categories/cat2/4.jpg]
[zytheme.com/demos/hebes/assets/images/categories/cat2/5.jpg]
[zytheme.com/demos/hebes/assets/images/categories/cat2/7.jpg]
[zytheme.com/demos/hebes/assets/images/categories/cat2/8.jpg]
[zytheme.com/demos/hebes/assets/images/categories/cat2/10.jpg]
[zytheme.com/demos/hebes/assets/images/categories/cat2/11.jpg]
[zytheme.com/demos/hebes/assets/images/categories/cat2/12.jpg]
[zytheme.com/demos/hebes/shop-layout-sidebar-left.html]
[zytheme.com/demos/hebes/shop-layout-sidebar-right-2.html]
[zytheme.com/demos/hebes/assets/images/categories/cat3/1.jpg]
[zytheme.com/demos/hebes/assets/images/categories/cat3/2.jpg]
[zytheme.com/demos/hebes/assets/images/categories/cat3/3.jpg]
[zytheme.com/demos/hebes/assets/images/categories/cat3/4.jpg]
[zytheme.com/demos/hebes/assets/images/categories/cat3/5.jpg]
[zytheme.com/demos/hebes/assets/images/categories/cat3/6.jpg]
[zytheme.com/demos/hebes/assets/images/categories/cat3/7.jpg]
[zytheme.com/demos/hebes/assets/images/categories/cat3/8.jpg]
[zytheme.com/demos/hebes/assets/images/categories/cat3/9.jpg]
[zytheme.com/demos/hebes/assets/images/categories/cat3/10.jpg]
[zytheme.com/demos/hebes/assets/images/categories/cat3/11.jpg]
[zytheme.com/demos/hebes/assets/images/categories/cat3/12.jpg]
[zytheme.com/demos/hebes/shop-4columns.html]
[zytheme.com/demos/hebes/assets/images/categories/cat4/1.jpg]
[zytheme.com/demos/hebes/assets/images/categories/cat4/2.jpg]
[zytheme.com/demos/hebes/assets/images/categories/cat4/3.jpg]
[zytheme.com/demos/hebes/assets/images/categories/cat4/4.jpg]
[zytheme.com/demos/hebes/assets/images/categories/cat4/5.jpg]
[zytheme.com/demos/hebes/assets/images/categories/cat4/6.jpg]
[zytheme.com/demos/hebes/assets/images/categories/cat4/7.jpg]
[zytheme.com/demos/hebes/assets/images/categories/cat4/8.jpg]
[zytheme.com/demos/hebes/assets/images/categories/cat4/9.jpg]
[zytheme.com/demos/hebes/shop-3columns.html]
[zytheme.com/demos/hebes/assets/images/categories/cat5/1.jpg]
[zytheme.com/demos/hebes/assets/images/categories/cat5/2.jpg]
[zytheme.com/demos/hebes/assets/images/categories/cat5/3.jpg]
[zytheme.com/demos/hebes/assets/images/categories/cat5/4.jpg]
[zytheme.com/demos/hebes/assets/images/categories/cat5/5.jpg]
[zytheme.com/demos/hebes/assets/images/categories/cat5/6.jpg]
[zytheme.com/demos/hebes/shop-product-grid.html]
[zytheme.com/demos/hebes/assets/images/banner-img/2.jpg]
[zytheme.com/demos/hebes/assets/images/categories/cat9/1.jpg]
[zytheme.com/demos/hebes/assets/images/categories/cat9/2.jpg]
[zytheme.com/demos/hebes/assets/images/categories/cat9/3.jpg]
[zytheme.com/demos/hebes/assets/images/categories/cat9/4.jpg]
[zytheme.com/demos/hebes/assets/images/categories/cat9/5.jpg]
[zytheme.com/demos/hebes/assets/images/categories/cat9/6.jpg]
[zytheme.com/demos/hebes/shop-product-hero-3columns.html]
[zytheme.com/demos/hebes/shop-product-hero-2columns.html]
[zytheme.com/demos/hebes/assets/images/categories/cat12/1.jpg]
[zytheme.com/demos/hebes/assets/images/categories/cat12/2.jpg]
[zytheme.com/demos/hebes/shop-product-list.html]
[zytheme.com/demos/hebes/assets/images/categories/cat16/1.jpg]
[zytheme.com/demos/hebes/assets/images/categories/cat16/2.jpg]
[zytheme.com/demos/hebes/assets/images/categories/cat16/3.jpg]
[zytheme.com/demos/hebes/assets/images/categories/cat16/4.jpg]
[zytheme.com/demos/hebes/assets/images/categories/cat16/5.jpg]
[zytheme.com/demos/hebes/assets/images/categories/cat16/6.jpg]
[zytheme.com/demos/hebes/assets/images/categories/cat16/7.jpg]
[zytheme.com/demos/hebes/assets/images/categories/cat16/8.jpg]
[zytheme.com/demos/hebes/assets/images/categories/cat16/9.jpg]
[zytheme.com/demos/hebes/assets/images/categories/cat16/10.jpg]
[zytheme.com/demos/hebes/assets/images/categories/cat16/11.jpg]
[zytheme.com/demos/hebes/assets/images/categories/cat16/12.jpg]
[zytheme.com/demos/hebes/shop-dark-sidebar.html]
[zytheme.com/demos/hebes/assets/images/categories/cat15/1.jpg]
[zytheme.com/demos/hebes/assets/images/categories/cat15/2.jpg]
[zytheme.com/demos/hebes/assets/images/categories/cat15/3.jpg]
[zytheme.com/demos/hebes/assets/images/categories/cat15/4.jpg]
[zytheme.com/demos/hebes/assets/images/categories/cat15/5.jpg]
[zytheme.com/demos/hebes/assets/images/categories/cat15/6.jpg]
[zytheme.com/demos/hebes/assets/images/categories/cat15/7.jpg]
[zytheme.com/demos/hebes/assets/images/categories/cat15/8.jpg]
[zytheme.com/demos/hebes/assets/images/categories/cat15/9.jpg]
[zytheme.com/demos/hebes/shop-dark-3columns.html]
[zytheme.com/demos/hebes/assets/images/categories/cat14/1.jpg]
[zytheme.com/demos/hebes/assets/images/categories/cat14/2.jpg]
[zytheme.com/demos/hebes/assets/images/categories/cat14/3.jpg]
[zytheme.com/demos/hebes/assets/images/categories/cat14/4.jpg]
[zytheme.com/demos/hebes/assets/images/categories/cat14/5.jpg]
[zytheme.com/demos/hebes/assets/images/categories/cat14/6.jpg]
[zytheme.com/demos/hebes/assets/images/categories/cat14/7.jpg]
[zytheme.com/demos/hebes/assets/images/categories/cat14/8.jpg]
[zytheme.com/demos/hebes/assets/images/categories/cat14/9.jpg]
[zytheme.com/demos/hebes/assets/images/categories/cat14/10.jpg]
[zytheme.com/demos/hebes/assets/images/categories/cat14/11.jpg]
[zytheme.com/demos/hebes/assets/images/categories/cat14/12.jpg]
[zytheme.com/demos/hebes/shop-dark-4columns.html]
[zytheme.com/demos/hebes/assets/images/categories/cat13/1.jpg]
[zytheme.com/demos/hebes/assets/images/categories/cat13/2.jpg]
[zytheme.com/demos/hebes/assets/images/categories/cat13/3.jpg]
[zytheme.com/demos/hebes/assets/images/categories/cat13/4.jpg]
[zytheme.com/demos/hebes/assets/images/categories/cat13/5.jpg]
[zytheme.com/demos/hebes/assets/images/categories/cat13/6.jpg]
[zytheme.com/demos/hebes/assets/images/categories/cat13/7.jpg]
[zytheme.com/demos/hebes/assets/images/categories/cat13/8.jpg]
[zytheme.com/demos/hebes/assets/images/categories/cat13/9.jpg]
[zytheme.com/demos/hebes/assets/images/categories/cat13/10.jpg]
[zytheme.com/demos/hebes/assets/images/categories/cat13/11.jpg]
[zytheme.com/demos/hebes/assets/images/categories/cat13/12.jpg]
[zytheme.com/demos/hebes/assets/images/categories/cat13/13.jpg]
[zytheme.com/demos/hebes/assets/images/categories/cat13/14.jpg]
[zytheme.com/demos/hebes/assets/images/categories/cat13/15.jpg]
[zytheme.com/demos/hebes/shop-dark-5columns.html]
[zytheme.com/demos/hebes/assets/images/categories/cat6/1.jpg]
[zytheme.com/demos/hebes/assets/images/categories/cat6/2.jpg]
[zytheme.com/demos/hebes/assets/images/categories/cat6/3.jpg]
[zytheme.com/demos/hebes/assets/images/categories/cat6/4.jpg]
[zytheme.com/demos/hebes/assets/images/categories/cat6/5.jpg]
[zytheme.com/demos/hebes/assets/images/categories/cat6/6.jpg]
[zytheme.com/demos/hebes/assets/images/categories/cat6/7.jpg]
[zytheme.com/demos/hebes/assets/images/categories/cat6/8.jpg]
[zytheme.com/demos/hebes/assets/images/categories/cat6/9.jpg]
[zytheme.com/demos/hebes/assets/images/categories/cat6/10.jpg]
[zytheme.com/demos/hebes/assets/images/categories/cat6/11.jpg]
[zytheme.com/demos/hebes/assets/images/categories/cat6/12.jpg]
[zytheme.com/demos/hebes/shop-hover-2.html]
[zytheme.com/demos/hebes/shop-hover-4columns.html]
[zytheme.com/demos/hebes/assets/images/categories/cat8/1.jpg]
[zytheme.com/demos/hebes/assets/images/categories/cat8/2.jpg]
[zytheme.com/demos/hebes/assets/images/categories/cat8/3.jpg]
[zytheme.com/demos/hebes/assets/images/categories/cat8/4.jpg]
[zytheme.com/demos/hebes/assets/images/categories/cat8/5.jpg]
[zytheme.com/demos/hebes/assets/images/categories/cat8/6.jpg]
[zytheme.com/demos/hebes/assets/images/categories/cat8/7.jpg]
[zytheme.com/demos/hebes/assets/images/categories/cat8/8.jpg]
[zytheme.com/demos/hebes/assets/images/categories/cat8/9.jpg]
[zytheme.com/demos/hebes/shop-hover-3columns.html]
[zytheme.com/demos/hebes/shop-hover-2columns.html]
[zytheme.com/demos/hebes/shop-hover-variation.html]
[zytheme.com/demos/hebes/assets/images/products/gallery/13.png]
[zytheme.com/demos/hebes/assets/images/products/gallery/14.png]
[zytheme.com/demos/hebes/assets/images/products/gallery/15.png]
[zytheme.com/demos/hebes/assets/images/products/gallery/16.png]
[zytheme.com/demos/hebes/product-boxed.html]
[zytheme.com/demos/hebes/assets/images/products/gallery/1.jpg]
[zytheme.com/demos/hebes/assets/images/products/gallery/2.jpg]
[zytheme.com/demos/hebes/assets/images/products/gallery/3.jpg]
[zytheme.com/demos/hebes/assets/images/products/gallery/4.jpg]
[zytheme.com/demos/hebes/product-carousel.html]
[zytheme.com/demos/hebes/assets/images/products/gallery/20.png]
[zytheme.com/demos/hebes/assets/images/products/gallery/21.png]
[zytheme.com/demos/hebes/assets/images/products/gallery/22.png]
[zytheme.com/demos/hebes/assets/images/products/gallery/28.png]
[zytheme.com/demos/hebes/assets/images/products/gallery/thumb/13.png]
[zytheme.com/demos/hebes/assets/images/products/gallery/thumb/14.png]
[zytheme.com/demos/hebes/assets/images/products/gallery/thumb/15.png]
[zytheme.com/demos/hebes/assets/images/products/gallery/thumb/16.png]
[zytheme.com/demos/hebes/product-fullwidth.html]
[zytheme.com/demos/hebes/assets/images/products/gallery/17.jpg]
[zytheme.com/demos/hebes/assets/images/products/gallery/18.jpg]
[zytheme.com/demos/hebes/assets/images/products/gallery/19.jpg]
[zytheme.com/demos/hebes/assets/images/products/gallery/thumb/9.png]
[zytheme.com/demos/hebes/assets/images/products/gallery/thumb/10.png]
[zytheme.com/demos/hebes/assets/images/products/gallery/thumb/11.png]
[zytheme.com/demos/hebes/assets/images/products/gallery/thumb/12.png]
[zytheme.com/demos/hebes/product-hero.html]
[zytheme.com/demos/hebes/assets/images/products/gallery/5.jpg]
[zytheme.com/demos/hebes/assets/images/products/gallery/6.jpg]
[zytheme.com/demos/hebes/assets/images/products/gallery/7.jpg]
[zytheme.com/demos/hebes/assets/images/products/gallery/8.jpg]
[zytheme.com/demos/hebes/assets/images/products/gallery/9.jpg]
[zytheme.com/demos/hebes/product-masonry.html]
[zytheme.com/demos/hebes/assets/images/products/single/1.png]
[zytheme.com/demos/hebes/assets/images/products/single/2.png]
[zytheme.com/demos/hebes/assets/images/products/single/3.png]
[zytheme.com/demos/hebes/product-gallery.html]
[zytheme.com/demos/hebes/assets/images/categories/thumb/1.jpg]
[zytheme.com/demos/hebes/assets/images/categories/thumb/2.jpg]
[zytheme.com/demos/hebes/product-gallery-horizontal.html]
[zytheme.com/demos/hebes/assets/images/products/gallery/10.png]
[zytheme.com/demos/hebes/assets/images/products/gallery/11.png]
[zytheme.com/demos/hebes/assets/images/products/gallery/12.png]
[zytheme.com/demos/hebes/assets/images/products/gallery/thumb/5.png]
[zytheme.com/demos/hebes/assets/images/products/gallery/thumb/6.png]
[zytheme.com/demos/hebes/assets/images/products/gallery/thumb/7.png]
[zytheme.com/demos/hebes/assets/images/products/gallery/thumb/8.png]
[zytheme.com/demos/hebes/assets/images/products/product-features/3.png]
[zytheme.com/demos/hebes/assets/images/products/product-features/4.png]
[zytheme.com/demos/hebes/assets/images/products/product-features/5.png]
[zytheme.com/demos/hebes/product-gallery-slide.html]
[zytheme.com/demos/hebes/assets/images/products/gallery/thumb/1.png]
[zytheme.com/demos/hebes/assets/images/products/gallery/thumb/2.png]
[zytheme.com/demos/hebes/assets/images/products/gallery/thumb/3.png]
[zytheme.com/demos/hebes/assets/images/products/gallery/thumb/4.png]
[zytheme.com/demos/hebes/product-gallery-vertical.html]
[zytheme.com/demos/hebes/assets/images/about/gallery/1.jpg]
[zytheme.com/demos/hebes/assets/images/about/gallery/2.jpg]
[zytheme.com/demos/hebes/page-about-1.html]
[zytheme.com/demos/hebes/assets/images/about/gallery/3.jpg]
[zytheme.com/demos/hebes/assets/images/about/gallery/4.jpg]
[zytheme.com/demos/hebes/page-about-2.html]
[zytheme.com/demos/hebes/assets/images/page-title/2.jpg]
[zytheme.com/demos/hebes/assets/images/video/1.jpg]
[zytheme.com/demos/hebes/page-about-dark.html]
[zytheme.com/demos/hebes/page-contact-1.html]
[zytheme.com/demos/hebes/assets/images/contact/gallery/1.jpg]
[zytheme.com/demos/hebes/assets/images/contact/gallery/2.jpg]
[zytheme.com/demos/hebes/page-contact-2.html]
[zytheme.com/demos/hebes/assets/images/page-title/3.jpg]
[zytheme.com/demos/hebes/page-contact-dark.html]
[zytheme.com/demos/hebes/assets/images/background/2.jpg]
[zytheme.com/demos/hebes/page-404.html]
[zytheme.com/demos/hebes/assets/images/background/3.jpg]
[zytheme.com/demos/hebes/page-404-dark.html]
[zytheme.com/demos/hebes/page-privacy.html]
[zytheme.com/demos/hebes/page-terms.html]
[zytheme.com/demos/hebes/page-template-fullwidth.html]
[zytheme.com/demos/hebes/page-template-right-sidebar.html]
[zytheme.com/demos/hebes/page-template-left-sidebar.html]
[zytheme.com/demos/hebes/assets/images/blog/grid/4col/1.jpg]
[zytheme.com/demos/hebes/assets/images/blog/grid/4col/2.jpg]
[zytheme.com/demos/hebes/assets/images/blog/grid/4col/3.jpg]
[zytheme.com/demos/hebes/assets/images/blog/grid/4col/4.jpg]
[zytheme.com/demos/hebes/assets/images/blog/grid/4col/5.jpg]
[zytheme.com/demos/hebes/assets/images/blog/grid/4col/6.jpg]
[zytheme.com/demos/hebes/assets/images/blog/grid/4col/7.jpg]
[zytheme.com/demos/hebes/blog-grid.html]
[zytheme.com/demos/hebes/assets/images/blog/thumb/1.jpg]
[zytheme.com/demos/hebes/assets/images/blog/thumb/2.jpg]
[zytheme.com/demos/hebes/assets/images/blog/thumb/3.jpg]
[zytheme.com/demos/hebes/blog-grid-sidebar-right.html]
[zytheme.com/demos/hebes/blog-grid-sidebar-left.html]
[zytheme.com/demos/hebes/assets/images/blog/masonry/1.jpg]
[zytheme.com/demos/hebes/assets/images/blog/masonry/2.jpg]
[zytheme.com/demos/hebes/assets/images/blog/masonry/3.jpg]
[zytheme.com/demos/hebes/assets/images/blog/masonry/4.jpg]
[zytheme.com/demos/hebes/assets/images/blog/masonry/5.jpg]
[zytheme.com/demos/hebes/assets/images/blog/masonry/6.jpg]
[zytheme.com/demos/hebes/assets/images/blog/masonry/7.jpg]
[zytheme.com/demos/hebes/assets/images/blog/masonry/8.jpg]
[zytheme.com/demos/hebes/blog-masonry.html]
[zytheme.com/demos/hebes/assets/images/blog/minimal/1.jpg]
[zytheme.com/demos/hebes/assets/images/blog/minimal/2.jpg]
[zytheme.com/demos/hebes/assets/images/blog/minimal/3.jpg]
[zytheme.com/demos/hebes/assets/images/blog/minimal/4.jpg]
[zytheme.com/demos/hebes/assets/images/blog/minimal/5.jpg]
[zytheme.com/demos/hebes/blog-parallax.html]
[zytheme.com/demos/hebes/assets/images/blog/author/1.png]
[zytheme.com/demos/hebes/assets/images/blog/single/1.jpg]
[zytheme.com/demos/hebes/blog-single.html]
[zytheme.com/demos/hebes/assets/images/blog/single/2.jpg]
[zytheme.com/demos/hebes/blog-single-sidebar-right.html]
[zytheme.com/demos/hebes/blog-single-sidebar-left.html]
[zytheme.com/demos/hebes/header-1.html]
[zytheme.com/demos/hebes/header-2.html]
[zytheme.com/demos/hebes/header-3.html]
[zytheme.com/demos/hebes/header-4.html]
[zytheme.com/demos/hebes/header-5.html]
[zytheme.com/demos/hebes/header-6.html]
[zytheme.com/demos/hebes/header-7.html]
[zytheme.com/demos/hebes/footer-1.html]
[zytheme.com/demos/hebes/footer-2.html]
[zytheme.com/demos/hebes/footer-3.html]
[zytheme.com/demos/hebes/footer-4.html]
[zytheme.com/demos/hebes/footer-5.html]
[zytheme.com/demos/hebes/slider-1.html]
[zytheme.com/demos/hebes/slider-2.html]
[zytheme.com/demos/hebes/slider-3.html]
[zytheme.com/demos/hebes/slider-4.html]
[zytheme.com/demos/hebes/slider-5.html]
[zytheme.com/demos/hebes/slider-6.html]
[zytheme.com/demos/hebes/assets/images/slider/thumb/16.png]
[zytheme.com/demos/hebes/assets/images/slider/layers/18.png]
[zytheme.com/demos/hebes/assets/images/slider/thumb/17.png]
[zytheme.com/demos/hebes/assets/images/slider/layers/19.png]
[zytheme.com/demos/hebes/assets/images/slider/layers/20.png]
[zytheme.com/demos/hebes/slider-7.html]
[zytheme.com/demos/hebes/slider-8.html]
[zytheme.com/demos/hebes/slider-9.html]
[zytheme.com/demos/hebes/slider-10.html]
[zytheme.com/demos/hebes/slider-11.html]
[zytheme.com/demos/hebes/slider-12.html]
[zytheme.com/demos/hebes/assets/images/slider/thumb/27.png]
[zytheme.com/demos/hebes/assets/images/slider/layers/30.png]
[zytheme.com/demos/hebes/assets/images/slider/layers/31.png]
[zytheme.com/demos/hebes/assets/images/slider/layers/32.png]
[zytheme.com/demos/hebes/assets/images/slider/layers/33.png]
[zytheme.com/demos/hebes/slider-13.html]
[zytheme.com/demos/hebes/page-cart.html]
[zytheme.com/demos/hebes/page-cart-dark.html]
[zytheme.com/demos/hebes/page-checkout.html]
[zytheme.com/demos/hebes/page-checkout-dark.html]
[zytheme.com/demos/hebes/page-login.html]
[zytheme.com/demos/hebes/assets/images/background/1.jpg]
[zytheme.com/demos/hebes/page-login-dark.html]
[zytheme.com/demos/hebes/assets/images/products/thumb/3.jpg]
[zytheme.com/demos/hebes/assets/images/products/thumb/4.jpg]
[zytheme.com/demos/hebes/page-wishlist.html]
[zytheme.com/demos/hebes/assets/images/products/thumb/5.jpg]
[zytheme.com/demos/hebes/assets/images/products/thumb/6.jpg]
[zytheme.com/demos/hebes/assets/images/products/thumb/7.jpg]
[zytheme.com/demos/hebes/assets/images/products/thumb/8.jpg]
[zytheme.com/demos/hebes/page-wishlist-dark.html]
[zytheme.com/demos/hebes/assets/images/background/4.jpg]
[zytheme.com/demos/hebes/page-soon.html]
[zytheme.com/demos/hebes/assets/images/popup/1.jpg]
[zytheme.com/demos/hebes/page-popup.html]
[zytheme.com/demos/hebes/assets/fonts/fontawesome-webfont3e6e.html]
[zytheme.com/demos/hebes/assets/css/fonts/Stroke-Gap-Icons.html]
[zytheme.com/demos/hebes/assets/revolution/fonts/revicons/revicons90c6.svg]
[zytheme.com/demos/hebes/assets/css/polina.html]
[zytheme.com/demos/hebes/assets/images/banner-img/7.jpg]
[zytheme.com/demos/hebes/home-7.html]
